[debug] [2021-08-27T13:43:37.143Z] ----------------------------------------------------------------------
[debug] [2021-08-27T13:43:37.145Z] Command:       C:\Program Files\nodejs\node.exe C:\Users\tami2847\AppData\Roaming\npm\node_modules\firebase-tools\lib\bin\firebase.js deploy
[debug] [2021-08-27T13:43:37.146Z] CLI Version:   9.16.6
[debug] [2021-08-27T13:43:37.146Z] Platform:      win32
[debug] [2021-08-27T13:43:37.146Z] Node Version:  v14.17.4
[debug] [2021-08-27T13:43:37.150Z] Time:          Fri Aug 27 2021 19:13:37 GMT+0530 (India Standard Time)
[debug] [2021-08-27T13:43:37.150Z] ----------------------------------------------------------------------
[debug] 
[debug] [2021-08-27T13:43:37.239Z] > command requires scopes: ["email","openid","https://www.googleapis.com/auth/cloudplatformprojects.readonly","https://www.googleapis.com/auth/firebase","https://www.googleapis.com/auth/cloud-platform"]
[debug] [2021-08-27T13:43:37.240Z] > authorizing via signed-in user (tamil97mca@gmail.com)
[debug] [2021-08-27T13:43:37.240Z] [iam] checking project groceryapp-58e59 for permissions ["firebase.projects.get","firebasehosting.sites.update"]
[debug] [2021-08-27T13:43:37.242Z] > refreshing access token with scopes: ["email","https://www.googleapis.com/auth/cloud-platform","https://www.googleapis.com/auth/cloudplatformprojects.readonly","https://www.googleapis.com/auth/firebase","openid"]
[debug] [2021-08-27T13:43:37.243Z] >>> HTTP REQUEST POST https://www.googleapis.com/oauth2/v3/token  
 <request body omitted>
[debug] [2021-08-27T13:43:37.528Z] <<< HTTP RESPONSE 200 {"expires":"Mon, 01 Jan 1990 00:00:00 GMT","date":"Fri, 27 Aug 2021 13:43:37 GMT","cache-control":"no-cache, no-store, max-age=0, must-revalidate","pragma":"no-cache","content-type":"application/json; charset=utf-8","vary":"X-Origin, Referer, Origin,Accept-Encoding","server":"scaffolding on HTTPServer2","x-xss-protection":"0","x-frame-options":"SAMEORIGIN","x-content-type-options":"nosniff","alt-svc":"h3=\":443\"; ma=2592000,h3-29=\":443\"; ma=2592000,h3-T051=\":443\"; ma=2592000,h3-Q050=\":443\"; ma=2592000,h3-Q046=\":443\"; ma=2592000,h3-Q043=\":443\"; ma=2592000,quic=\":443\"; ma=2592000; v=\"46,43\"","accept-ranges":"none","transfer-encoding":"chunked"}
[debug] [2021-08-27T13:43:37.739Z] >>> HTTP REQUEST POST https://cloudresourcemanager.googleapis.com/v1/projects/groceryapp-58e59:testIamPermissions  
 {"permissions":["firebase.projects.get","firebasehosting.sites.update"]}
[debug] [2021-08-27T13:43:39.357Z] <<< HTTP RESPONSE 200 {"content-type":"application/json; charset=UTF-8","vary":"X-Origin, Referer, Origin,Accept-Encoding","date":"Fri, 27 Aug 2021 13:43:39 GMT","server":"ESF","cache-control":"private","x-xss-protection":"0","x-frame-options":"SAMEORIGIN","x-content-type-options":"nosniff","server-timing":"gfet4t7; dur=1463","alt-svc":"h3=\":443\"; ma=2592000,h3-29=\":443\"; ma=2592000,h3-T051=\":443\"; ma=2592000,h3-Q050=\":443\"; ma=2592000,h3-Q046=\":443\"; ma=2592000,h3-Q043=\":443\"; ma=2592000,quic=\":443\"; ma=2592000; v=\"46,43\"","accept-ranges":"none","transfer-encoding":"chunked"}
[debug] [2021-08-27T13:43:39.357Z] [iam] error while checking permissions, command may fail: FirebaseError: Authorization failed. This account is missing the following required permissions on project groceryapp-58e59:

  firebase.projects.get
  firebasehosting.sites.update
[debug] [2021-08-27T13:43:39.359Z] > refreshing access token with scopes: []
[debug] [2021-08-27T13:43:39.359Z] >>> HTTP REQUEST POST https://www.googleapis.com/oauth2/v3/token  
 <request body omitted>
[debug] [2021-08-27T13:43:39.645Z] <<< HTTP RESPONSE 200 {"expires":"Mon, 01 Jan 1990 00:00:00 GMT","cache-control":"no-cache, no-store, max-age=0, must-revalidate","date":"Fri, 27 Aug 2021 13:43:39 GMT","pragma":"no-cache","content-type":"application/json; charset=utf-8","vary":"X-Origin, Referer, Origin,Accept-Encoding","server":"scaffolding on HTTPServer2","x-xss-protection":"0","x-frame-options":"SAMEORIGIN","x-content-type-options":"nosniff","alt-svc":"h3=\":443\"; ma=2592000,h3-29=\":443\"; ma=2592000,h3-T051=\":443\"; ma=2592000,h3-Q050=\":443\"; ma=2592000,h3-Q046=\":443\"; ma=2592000,h3-Q043=\":443\"; ma=2592000,quic=\":443\"; ma=2592000; v=\"46,43\"","accept-ranges":"none","transfer-encoding":"chunked"}
[debug] [2021-08-27T13:43:39.761Z] >>> [apiv2][query] GET https://firebase.googleapis.com/v1beta1/projects/groceryapp-58e59 [none]
[debug] [2021-08-27T13:43:40.195Z] <<< [apiv2][status] GET https://firebase.googleapis.com/v1beta1/projects/groceryapp-58e59 403
[debug] [2021-08-27T13:43:40.195Z] <<< [apiv2][body] GET https://firebase.googleapis.com/v1beta1/projects/groceryapp-58e59 {"error":{"code":403,"message":"The caller does not have permission","status":"PERMISSION_DENIED"}}
[debug] [2021-08-27T13:43:40.196Z] HTTP Error: 403, The caller does not have permission
[debug] [2021-08-27T13:43:40.197Z] FirebaseError: HTTP Error: 403, The caller does not have permission
    at module.exports (C:\Users\tami2847\AppData\Roaming\npm\node_modules\firebase-tools\lib\responseToError.js:38:12)
    at Client.doRequest (C:\Users\tami2847\AppData\Roaming\npm\node_modules\firebase-tools\lib\apiv2.js:238:23)
    at processTicksAndRejections (internal/process/task_queues.js:95:5)
    at async Client.request (C:\Users\tami2847\AppData\Roaming\npm\node_modules\firebase-tools\lib\apiv2.js:96:20)
    at async Object.getFirebaseProject (C:\Users\tami2847\AppData\Roaming\npm\node_modules\firebase-tools\lib\management\projects.js:290:21)
    at async Object.getDefaultHostingSite (C:\Users\tami2847\AppData\Roaming\npm\node_modules\firebase-tools\lib\getDefaultHostingSite.js:8:21)
    at async requireHostingSite (C:\Users\tami2847\AppData\Roaming\npm\node_modules\firebase-tools\lib\requireHostingSite.js:9:18)
    at async Object.fn (C:\Users\tami2847\AppData\Roaming\npm\node_modules\firebase-tools\lib\commands\deploy.js:65:9)
    at async C:\Users\tami2847\AppData\Roaming\npm\node_modules\firebase-tools\lib\command.js:186:17
[error] 
[error] Error: Failed to get Firebase project groceryapp-58e59. Please make sure the project exists and your account has permission to access it.
